# JRE version: Java(TM) SE Runtime Environment (17.0.5+9) (build 17.0.5+9-LTS-191)
# Java VM: Java HotSpot(TM) 64-Bit Server VM (17.0.5+9-LTS-191, mixed mode, emulated-client, sharing, tiered, compressed oops, compressed class ptrs, g1 gc, windows-amd64)
GC Precious Log:
 CPUs: 8 total, 8 available
 Memory: 16252M
 Large Page Support: Disabled
 NUMA Support: Disabled
 Compressed Oops: Enabled (Zero based)
 Heap Region Size: 2M
 Heap Min Capacity: 8M
 Heap Initial Capacity: 254M
 Heap Max Capacity: 4064M
 Pre-touch: Disabled
 Parallel Workers: 8
 Concurrent Workers: 2
 Concurrent Refinement Workers: 8
 Periodic GC: Disabled
Heap:
 garbage-first heap   total 61440K, used 26652K [0x0000000702000000, 0x0000000800000000)
  region size 2048K, 1 young (2048K), 1 survivors (2048K)
 Metaspace       used 28350K, committed 28736K, reserved 1081344K
  class space    used 3909K, committed 4096K, reserved 1048576K
GC Heap History (15 events):
Event: 1.575 GC heap before
{Heap before GC invocations=0 (full 0):
 garbage-first heap   total 260096K, used 20480K [0x0000000702000000, 0x0000000800000000)
  region size 2048K, 11 young (22528K), 0 survivors (0K)
 Metaspace       used 6112K, committed 6336K, reserved 1056768K
  class space    used 726K, committed 832K, reserved 1048576K
}
Event: 1.584 GC heap after
{Heap after GC invocations=1 (full 0):
 garbage-first heap   total 260096K, used 9183K [0x0000000702000000, 0x0000000800000000)
  region size 2048K, 2 young (4096K), 2 survivors (4096K)
 Metaspace       used 6112K, committed 6336K, reserved 1056768K
  class space    used 726K, committed 832K, reserved 1048576K
}
Event: 2.013 GC heap before
{Heap before GC invocations=1 (full 0):
 garbage-first heap   total 260096K, used 21471K [0x0000000702000000, 0x0000000800000000)
  region size 2048K, 9 young (18432K), 2 survivors (4096K)
 Metaspace       used 7528K, committed 7808K, reserved 1056768K
  class space    used 932K, committed 1088K, reserved 1048576K
}
Event: 2.018 GC heap after
{Heap after GC invocations=2 (full 0):
 garbage-first heap   total 260096K, used 10153K [0x0000000702000000, 0x0000000800000000)
  region size 2048K, 1 young (2048K), 1 survivors (2048K)
 Metaspace       used 7528K, committed 7808K, reserved 1056768K
  class space    used 932K, committed 1088K, reserved 1048576K
}
Event: 3.798 GC heap before
{Heap before GC invocations=2 (full 0):
 garbage-first heap   total 260096K, used 67497K [0x0000000702000000, 0x0000000800000000)
  region size 2048K, 30 young (61440K), 1 survivors (2048K)
 Metaspace       used 18188K, committed 18496K, reserved 1073152K
  class space    used 2472K, committed 2624K, reserved 1048576K
}
Event: 3.804 GC heap after
{Heap after GC invocations=3 (full 0):
 garbage-first heap   total 260096K, used 13255K [0x0000000702000000, 0x0000000800000000)
  region size 2048K, 2 young (4096K), 2 survivors (4096K)
 Metaspace       used 18188K, committed 18496K, reserved 1073152K
  class space    used 2472K, committed 2624K, reserved 1048576K
}
Event: 5.154 GC heap before
{Heap before GC invocations=3 (full 0):
 garbage-first heap   total 260096K, used 48071K [0x0000000702000000, 0x0000000800000000)
  region size 2048K, 20 young (40960K), 2 survivors (4096K)
 Metaspace       used 21227K, committed 21504K, reserved 1073152K
  class space    used 2907K, committed 3008K, reserved 1048576K
}
Event: 5.161 GC heap after
{Heap after GC invocations=4 (full 0):
 garbage-first heap   total 260096K, used 15401K [0x0000000702000000, 0x0000000800000000)
  region size 2048K, 3 young (6144K), 3 survivors (6144K)
 Metaspace       used 21227K, committed 21504K, reserved 1073152K
  class space    used 2907K, committed 3008K, reserved 1048576K
}
Event: 6.389 GC heap before
{Heap before GC invocations=5 (full 0):
 garbage-first heap   total 61440K, used 46121K [0x0000000702000000, 0x0000000800000000)
  region size 2048K, 18 young (36864K), 3 survivors (6144K)
 Metaspace       used 24844K, committed 25216K, reserved 1073152K
  class space    used 3534K, committed 3712K, reserved 1048576K
}
Event: 6.398 GC heap after
{Heap after GC invocations=6 (full 0):
 garbage-first heap   total 61440K, used 17924K [0x0000000702000000, 0x0000000800000000)
  region size 2048K, 3 young (6144K), 3 survivors (6144K)
 Metaspace       used 24844K, committed 25216K, reserved 1073152K
  class space    used 3534K, committed 3712K, reserved 1048576K
}
Event: 6.768 GC heap before
{Heap before GC invocations=6 (full 0):
 garbage-first heap   total 61440K, used 38404K [0x0000000702000000, 0x0000000800000000)
  region size 2048K, 14 young (28672K), 3 survivors (6144K)
 Metaspace       used 27058K, committed 27392K, reserved 1073152K
  class space    used 3762K, committed 3904K, reserved 1048576K
}
Event: 6.776 GC heap after
{Heap after GC invocations=7 (full 0):
 garbage-first heap   total 61440K, used 25807K [0x0000000702000000, 0x0000000800000000)
  region size 2048K, 2 young (4096K), 2 survivors (4096K)
 Metaspace       used 27058K, committed 27392K, reserved 1073152K
  class space    used 3762K, committed 3904K, reserved 1048576K
}
Event: 6.988 GC heap before
{Heap before GC invocations=7 (full 0):
 garbage-first heap   total 61440K, used 38095K [0x0000000702000000, 0x0000000800000000)
  region size 2048K, 9 young (18432K), 2 survivors (4096K)
 Metaspace       used 27653K, committed 28096K, reserved 1073152K
  class space    used 3831K, committed 4032K, reserved 1048576K
}
Event: 6.991 GC heap after
{Heap after GC invocations=8 (full 0):
 garbage-first heap   total 61440K, used 26231K [0x0000000702000000, 0x0000000800000000)
  region size 2048K, 1 young (2048K), 1 survivors (2048K)
 Metaspace       used 27653K, committed 28096K, reserved 1073152K
  class space    used 3831K, committed 4032K, reserved 1048576K
}
Event: 7.266 GC heap before
{Heap before GC invocations=8 (full 0):
 garbage-first heap   total 61440K, used 38519K [0x0000000702000000, 0x0000000800000000)
  region size 2048K, 8 young (16384K), 1 survivors (2048K)
 Metaspace       used 28350K, committed 28736K, reserved 1081344K
  class space    used 3909K, committed 4096K, reserved 1048576K
}

